2021-05-17 12:52:08.802  INFO 15244 --- [http-nio-8080-exec-4] c.e.d.c.a.DebateBoardApiController       : [INFO]게시판 페이지 진입시 토론 게시판 정보 전송
2021-05-17 12:52:08.803  INFO 15244 --- [http-nio-8080-exec-3] c.e.d.c.a.FreeBoardApiController         : [INFO]게시판 페이지 진입시 자유 게시판 정보 전송
2021-05-17 12:52:10.105  INFO 15244 --- [http-nio-8080-exec-1] c.e.d.c.a.DebateBoardApiController       : [INFO]토론 게시판 정보 요청
2021-05-17 12:52:10.120  INFO 15244 --- [http-nio-8080-exec-1] c.e.d.c.a.DebateBoardApiController       : [INFO]토론 게시판 요청 성공
2021-05-17 12:52:16.471  INFO 15244 --- [http-nio-8080-exec-5] c.e.d.c.a.DebateBoardApiController       : [INFO]게시판 페이지 진입시 토론 게시판 정보 전송
2021-05-17 12:52:16.471  INFO 15244 --- [http-nio-8080-exec-7] c.e.d.c.a.FreeBoardApiController         : [INFO]게시판 페이지 진입시 자유 게시판 정보 전송
2021-05-17 12:52:22.376  INFO 15244 --- [http-nio-8080-exec-6] c.e.d.c.a.DebateBoardApiController       : [INFO]토론 게시판 작성 요청.요청 유저:User(id=20, userName=e, password=$2a$10$mB/EIPOq/zy53d/VRl9yGuvw8g1ZutjVZCBig9DP1xyfOftRneNUu, nickName=e, role=USER, createDate=2021-05-17 11:37:16.418)
2021-05-17 12:52:23.470  INFO 15244 --- [http-nio-8080-exec-10] c.e.d.c.a.FreeBoardApiController         : [INFO]게시판 페이지 진입시 자유 게시판 정보 전송
2021-05-17 12:52:23.470  INFO 15244 --- [http-nio-8080-exec-3] c.e.d.c.a.DebateBoardApiController       : [INFO]게시판 페이지 진입시 토론 게시판 정보 전송
2021-05-17 12:52:25.894  INFO 15244 --- [http-nio-8080-exec-2] c.e.d.c.a.DebateBoardApiController       : [INFO]토론 게시판 정보 요청
2021-05-17 12:52:25.907  INFO 15244 --- [http-nio-8080-exec-2] c.e.d.c.a.DebateBoardApiController       : [INFO]토론 게시판 요청 성공
2021-05-17 12:52:30.073  INFO 15244 --- [http-nio-8080-exec-8] c.e.d.c.a.DebateBoardApiController       : [INFO]토론 게시판 댓글 작성 요청.요청 유저:User(id=20, userName=e, password=$2a$10$mB/EIPOq/zy53d/VRl9yGuvw8g1ZutjVZCBig9DP1xyfOftRneNUu, nickName=e, role=USER, createDate=2021-05-17 11:37:16.418)
2021-05-17 12:52:30.101  INFO 15244 --- [http-nio-8080-exec-8] c.e.d.c.a.DebateBoardApiController       : [INFO]토론 게시판 댓글 작성 성공.요청 유저:User(id=20, userName=e, password=$2a$10$mB/EIPOq/zy53d/VRl9yGuvw8g1ZutjVZCBig9DP1xyfOftRneNUu, nickName=e, role=USER, createDate=2021-05-17 11:37:16.418)
2021-05-17 12:52:30.476  INFO 15244 --- [http-nio-8080-exec-3] c.e.d.c.a.DebateBoardApiController       : [INFO]토론 게시판 정보 요청
2021-05-17 12:52:30.488  INFO 15244 --- [http-nio-8080-exec-3] c.e.d.c.a.DebateBoardApiController       : [INFO]토론 게시판 요청 성공
2021-05-17 12:57:13.854  INFO 3156 --- [restartedMain] c.e.d.DemoApplication                    : Starting DemoApplication using Java 13.0.2 on DESKTOP-A9O3JUC with PID 3156 (C:\Users\Kang\springproject\jeonbiseo\out\production\classes started by kangseongbeom in C:\Users\Kang\springproject\jeonbiseo)
2021-05-17 12:57:13.870  INFO 3156 --- [restartedMain] c.e.d.DemoApplication                    : No active profile set, falling back to default profiles: default
2021-05-17 12:57:13.911  INFO 3156 --- [restartedMain] .e.DevToolsPropertyDefaultsPostProcessor : Devtools property defaults active! Set 'spring.devtools.add-properties' to 'false' to disable
2021-05-17 12:57:13.911  INFO 3156 --- [restartedMain] .e.DevToolsPropertyDefaultsPostProcessor : For additional web related logging consider setting the 'logging.level.web' property to 'DEBUG'
2021-05-17 12:57:14.554  INFO 3156 --- [restartedMain] .s.d.r.c.RepositoryConfigurationDelegate : Bootstrapping Spring Data JPA repositories in DEFAULT mode.
2021-05-17 12:57:14.627  INFO 3156 --- [restartedMain] .s.d.r.c.RepositoryConfigurationDelegate : Finished Spring Data repository scanning in 67 ms. Found 6 JPA repository interfaces.
2021-05-17 12:57:14.851  INFO 3156 --- [restartedMain] trationDelegate$BeanPostProcessorChecker : Bean 'org.springframework.ws.config.annotation.DelegatingWsConfiguration' of type [org.springframework.ws.config.annotation.DelegatingWsConfiguration$$EnhancerBySpringCGLIB$$46b92cef] is not eligible for getting processed by all BeanPostProcessors (for example: not eligible for auto-proxying)
2021-05-17 12:57:14.868  INFO 3156 --- [restartedMain] .w.s.a.s.AnnotationActionEndpointMapping : Supporting [WS-Addressing August 2004, WS-Addressing 1.0]
2021-05-17 12:57:15.105  INFO 3156 --- [restartedMain] o.s.b.w.e.t.TomcatWebServer              : Tomcat initialized with port(s): 8080 (http)
2021-05-17 12:57:15.120  INFO 3156 --- [restartedMain] o.a.c.c.StandardService                  : Starting service [Tomcat]
2021-05-17 12:57:15.120  INFO 3156 --- [restartedMain] o.a.c.c.StandardEngine                   : Starting Servlet engine: [Apache Tomcat/9.0.43]
2021-05-17 12:57:15.212  INFO 3156 --- [restartedMain] o.a.c.c.C.[.[.[/]                        : Initializing Spring embedded WebApplicationContext
2021-05-17 12:57:15.212  INFO 3156 --- [restartedMain] w.s.c.ServletWebServerApplicationContext : Root WebApplicationContext: initialization completed in 1301 ms
2021-05-17 12:57:15.340  INFO 3156 --- [restartedMain] o.h.j.i.u.LogHelper                      : HHH000204: Processing PersistenceUnitInfo [name: default]
2021-05-17 12:57:15.382  INFO 3156 --- [restartedMain] o.h.Version                              : HHH000412: Hibernate ORM core version 5.4.28.Final
2021-05-17 12:57:15.502  INFO 3156 --- [restartedMain] o.h.a.c.Version                          : HCANN000001: Hibernate Commons Annotations {5.1.2.Final}
2021-05-17 12:57:15.597  INFO 3156 --- [restartedMain] c.z.h.HikariDataSource                   : HikariPool-1 - Starting...
2021-05-17 12:57:15.827  INFO 3156 --- [restartedMain] c.z.h.HikariDataSource                   : HikariPool-1 - Start completed.
2021-05-17 12:57:15.844  INFO 3156 --- [restartedMain] o.h.d.Dialect                            : HHH000400: Using dialect: org.hibernate.dialect.MySQL8Dialect
2021-05-17 12:57:16.619  INFO 3156 --- [restartedMain] o.h.e.t.j.p.i.JtaPlatformInitiator       : HHH000490: Using JtaPlatform implementation: [org.hibernate.engine.transaction.jta.platform.internal.NoJtaPlatform]
2021-05-17 12:57:16.628  INFO 3156 --- [restartedMain] j.LocalContainerEntityManagerFactoryBean : Initialized JPA EntityManagerFactory for persistence unit 'default'
2021-05-17 12:57:16.658  INFO 3156 --- [restartedMain] o.s.b.d.a.OptionalLiveReloadServer       : LiveReload server is running on port 35729
2021-05-17 12:57:17.142  INFO 3156 --- [restartedMain] o.s.s.w.DefaultSecurityFilterChain       : Will secure any request with [org.springframework.security.web.context.request.async.WebAsyncManagerIntegrationFilter@2bd43167, org.springframework.security.web.context.SecurityContextPersistenceFilter@7c7fc494, org.springframework.security.web.header.HeaderWriterFilter@260b0505, org.springframework.web.filter.CorsFilter@183096b8, org.springframework.security.web.authentication.logout.LogoutFilter@3773275, com.example.demo.config.jwt.JwtAuthenticationFilter@feea530, com.example.demo.config.jwt.JwtAuthotizationFilter@362cca1, org.springframework.security.web.savedrequest.RequestCacheAwareFilter@5507091f, org.springframework.security.web.servletapi.SecurityContextHolderAwareRequestFilter@7facb54b, org.springframework.security.web.authentication.AnonymousAuthenticationFilter@4c76ec7b, org.springframework.security.web.session.SessionManagementFilter@2f497d37, org.springframework.security.web.access.ExceptionTranslationFilter@5efec72c, org.springframework.security.web.access.intercept.FilterSecurityInterceptor@346a421b]
2021-05-17 12:57:17.227  INFO 3156 --- [restartedMain] o.s.s.c.ThreadPoolTaskExecutor           : Initializing ExecutorService 'applicationTaskExecutor'
2021-05-17 12:57:17.271  INFO 3156 --- [restartedMain] o.s.b.a.w.s.WelcomePageHandlerMapping    : Adding welcome page: class path resource [static/index.html]
2021-05-17 12:57:17.633  INFO 3156 --- [restartedMain] o.s.b.w.e.t.TomcatWebServer              : Tomcat started on port(s): 8080 (http) with context path ''
2021-05-17 12:57:17.640  INFO 3156 --- [restartedMain] c.e.d.DemoApplication                    : Started DemoApplication in 4.52 seconds (JVM running for 6.187)
2021-05-17 12:57:49.819  INFO 3156 --- [http-nio-8080-exec-1] o.a.c.c.C.[.[.[/]                        : Initializing Spring DispatcherServlet 'dispatcherServlet'
2021-05-17 12:57:49.820  INFO 3156 --- [http-nio-8080-exec-1] o.s.w.s.DispatcherServlet                : Initializing Servlet 'dispatcherServlet'
2021-05-17 12:57:49.822  INFO 3156 --- [http-nio-8080-exec-1] o.s.w.s.DispatcherServlet                : Completed initialization in 2 ms
